<?xml version="1.0" encoding="UTF-8"?>
<testsuite xmlns:xsi="http://www.w3.org/2001/XMLSchema-instance" xsi:noNamespaceSchemaLocation="https://maven.apache.org/surefire/maven-surefire-plugin/xsd/surefire-test-report-3.0.xsd" version="3.0" name="com.vakilsahay.service.ClauseAnalyzerServiceTest$ClassificationTests" time="0.061" tests="6" errors="0" skipped="0" failures="0">
  <properties>
[...]
</properties>
  <testcase name="shouldClassifySecurityDeposit" classname="com.vakilsahay.service.ClauseAnalyzerServiceTest$ClassificationTests" time="0.002"/>
  <testcase name="shouldClassifyInterestRate" classname="com.vakilsahay.service.ClauseAnalyzerServiceTest$ClassificationTests" time="0.008"/>
  <testcase name="shouldClassifyIndemnification" classname="com.vakilsahay.service.ClauseAnalyzerServiceTest$ClassificationTests" time="0.002"/>
  <testcase name="shouldClassifyArbitration" classname="com.vakilsahay.service.ClauseAnalyzerServiceTest$ClassificationTests" time="0.003"/>
  <testcase name="shouldClassifyUnknownAsGeneral" classname="com.vakilsahay.service.ClauseAnalyzerServiceTest$ClassificationTests" time="0.005"/>
  <testcase name="shouldClassifyNonCompete" classname="com.vakilsahay.service.ClauseAnalyzerServiceTest$ClassificationTests" time="0.016"/>
</testsuite>